<?xml version="1.0" encoding="UTF-8"?>
<!-- Generated by org.testng.reporters.JUnitXMLReporter -->
<testsuite hostname="LAPTOP-QMQ0VG44" ignored="0" name="Test" tests="2" failures="0" timestamp="13 Oct 2020 08:43:29 GMT" time="0.042" errors="0">
  <testcase name="@BeforeSuite setUpSuite" time="1.539" classname="com.testcases.BaseClass">
    <failure type="java.lang.NullPointerException">
      <![CDATA[java.lang.NullPointerException
at com.testcases.BaseClass.setUpSuite(BaseClass.java:46)
... Removed 20 stack frames]]>
    </failure>
  </testcase> <!-- @BeforeSuite setUpSuite -->
  <testcase name="@BeforeClass setUp" time="0.0" classname="com.testcases.BaseClass">
    <skipped/>
  </testcase> <!-- @BeforeClass setUp -->
  <testcase name="@AfterMethod tearDownMethod" time="0.0" classname="com.testcases.BaseClass">
    <skipped/>
  </testcase> <!-- @AfterMethod tearDownMethod -->
  <testcase name="@AfterMethod tearDownMethod" time="0.0" classname="com.testcases.BaseClass">
    <skipped/>
  </testcase> <!-- @AfterMethod tearDownMethod -->
  <testcase name="@AfterClass tearDown" time="0.0" classname="com.testcases.BaseClass">
    <skipped/>
  </testcase> <!-- @AfterClass tearDown -->
  <testcase name="loginApp" time="0.0" classname="com.testcases.LoginTestCRM">
    <skipped/>
  </testcase> <!-- loginApp -->
  <testcase name="loginApp2" time="0.0" classname="com.testcases.LoginTestCRM">
    <skipped/>
  </testcase> <!-- loginApp2 -->
</testsuite> <!-- Test -->
