<?xml version="1.0" encoding="UTF-8"?>
<!-- Generated by org.testng.reporters.JUnitXMLReporter -->
<testsuite hostname="LAPTOP-QMQ0VG44" ignored="0" name="Default test" tests="2" failures="0" timestamp="13 Oct 2020 06:54:00 GMT" time="0.042" errors="0">
  <testcase name="@BeforeSuite setUpSuite" time="0.494" classname="com.testcases.BaseClass">
    <failure type="java.lang.NullPointerException">
      <![CDATA[java.lang.NullPointerException
at com.testcases.BaseClass.setUpSuite(BaseClass.java:46)
at sun.reflect.NativeMethodAccessorImpl.invoke0(Native Method)
at sun.reflect.NativeMethodAccessorImpl.invoke(NativeMethodAccessorImpl.java:62)
at sun.reflect.DelegatingMethodAccessorImpl.invoke(DelegatingMethodAccessorImpl.java:43)
at java.lang.reflect.Method.invoke(Method.java:498)
at org.testng.internal.MethodInvocationHelper.invokeMethod(MethodInvocationHelper.java:124)
at org.testng.internal.MethodInvocationHelper.invokeMethodConsideringTimeout(MethodInvocationHelper.java:59)
at org.testng.internal.Invoker.invokeConfigurationMethod(Invoker.java:458)
at org.testng.internal.Invoker.invokeConfigurations(Invoker.java:222)
at org.testng.internal.Invoker.invokeConfigurations(Invoker.java:142)
at org.testng.SuiteRunner.privateRun(SuiteRunner.java:401)
at org.testng.SuiteRunner.run(SuiteRunner.java:364)
at org.testng.SuiteRunnerWorker.runSuite(SuiteRunnerWorker.java:52)
at org.testng.SuiteRunnerWorker.run(SuiteRunnerWorker.java:84)
at org.testng.TestNG.runSuitesSequentially(TestNG.java:1208)
at org.testng.TestNG.runSuitesLocally(TestNG.java:1137)
at org.testng.TestNG.runSuites(TestNG.java:1049)
at org.testng.TestNG.run(TestNG.java:1017)
at org.testng.remote.AbstractRemoteTestNG.run(AbstractRemoteTestNG.java:114)
at org.testng.remote.RemoteTestNG.initAndRun(RemoteTestNG.java:251)
at org.testng.remote.RemoteTestNG.main(RemoteTestNG.java:77)
]]>
    </failure>
  </testcase> <!-- @BeforeSuite setUpSuite -->
  <testcase name="@BeforeClass setUp" time="0.0" classname="com.testcases.BaseClass">
    <skipped/>
  </testcase> <!-- @BeforeClass setUp -->
  <testcase name="@AfterMethod tearDownMethod" time="0.0" classname="com.testcases.BaseClass">
    <skipped/>
  </testcase> <!-- @AfterMethod tearDownMethod -->
  <testcase name="@AfterMethod tearDownMethod" time="0.0" classname="com.testcases.BaseClass">
    <skipped/>
  </testcase> <!-- @AfterMethod tearDownMethod -->
  <testcase name="@AfterClass tearDown" time="0.0" classname="com.testcases.BaseClass">
    <skipped/>
  </testcase> <!-- @AfterClass tearDown -->
  <testcase name="loginApp" time="0.0" classname="com.testcases.LoginTestCRM">
    <skipped/>
  </testcase> <!-- loginApp -->
  <testcase name="loginApp2" time="0.0" classname="com.testcases.LoginTestCRM">
    <skipped/>
  </testcase> <!-- loginApp2 -->
</testsuite> <!-- Default test -->
